<?xml version="1.0" encoding="UTF-8"?>
<testng-results skipped="0" failed="0" ignored="0" total="5" passed="5">
  <reporter-output>
  </reporter-output>
  <suite name="Default suite" duration-ms="28687" started-at="2019-05-17T15:21:04Z" finished-at="2019-05-17T15:21:33Z">
    <groups>
    </groups>
    <test name="Default test" duration-ms="28687" started-at="2019-05-17T15:21:04Z" finished-at="2019-05-17T15:21:33Z">
      <class name="calculatortest.CalculationTests">
        <test-method status="PASS" signature="setUp()[pri:0, instance:calculatortest.CalculationTests@2ac273d3]" name="setUp" is-config="true" duration-ms="9584" started-at="2019-05-17T15:21:04Z" finished-at="2019-05-17T15:21:14Z">
          <reporter-output>
          </reporter-output>
        </test-method> <!-- setUp -->
        <test-method status="PASS" signature="beforeMethod()[pri:0, instance:calculatortest.CalculationTests@2ac273d3]" name="beforeMethod" is-config="true" duration-ms="0" started-at="2019-05-17T15:21:14Z" finished-at="2019-05-17T15:21:14Z">
          <reporter-output>
          </reporter-output>
        </test-method> <!-- beforeMethod -->
        <test-method status="PASS" signature="addTest()[pri:0, instance:calculatortest.CalculationTests@2ac273d3]" name="addTest" duration-ms="3701" started-at="2019-05-17T15:21:14Z" finished-at="2019-05-17T15:21:18Z">
          <reporter-output>
          </reporter-output>
        </test-method> <!-- addTest -->
        <test-method status="PASS" signature="afterMethod()[pri:0, instance:calculatortest.CalculationTests@2ac273d3]" name="afterMethod" is-config="true" duration-ms="1" started-at="2019-05-17T15:21:18Z" finished-at="2019-05-17T15:21:18Z">
          <reporter-output>
          </reporter-output>
        </test-method> <!-- afterMethod -->
        <test-method status="PASS" signature="calculationsTest(java.lang.String, java.lang.String, java.lang.String, java.lang.String)[pri:0, instance:calculatortest.CalculationTests@2ac273d3]" name="calculationsTest" duration-ms="3371" started-at="2019-05-17T15:21:19Z" data-provider="data" finished-at="2019-05-17T15:21:22Z">
          <params>
            <param index="0">
              <value>
                <![CDATA[2]]>
              </value>
            </param>
            <param index="1">
              <value>
                <![CDATA[+]]>
              </value>
            </param>
            <param index="2">
              <value>
                <![CDATA[3]]>
              </value>
            </param>
            <param index="3">
              <value>
                <![CDATA[5]]>
              </value>
            </param>
          </params>
          <reporter-output>
          </reporter-output>
        </test-method> <!-- calculationsTest -->
        <test-method status="PASS" signature="beforeMethod()[pri:0, instance:calculatortest.CalculationTests@2ac273d3]" name="beforeMethod" is-config="true" duration-ms="0" started-at="2019-05-17T15:21:19Z" finished-at="2019-05-17T15:21:19Z">
          <reporter-output>
          </reporter-output>
        </test-method> <!-- beforeMethod -->
        <test-method status="PASS" signature="afterMethod()[pri:0, instance:calculatortest.CalculationTests@2ac273d3]" name="afterMethod" is-config="true" duration-ms="1" started-at="2019-05-17T15:21:22Z" finished-at="2019-05-17T15:21:22Z">
          <reporter-output>
          </reporter-output>
        </test-method> <!-- afterMethod -->
        <test-method status="PASS" signature="beforeMethod()[pri:0, instance:calculatortest.CalculationTests@2ac273d3]" name="beforeMethod" is-config="true" duration-ms="0" started-at="2019-05-17T15:21:22Z" finished-at="2019-05-17T15:21:22Z">
          <reporter-output>
          </reporter-output>
        </test-method> <!-- beforeMethod -->
        <test-method status="PASS" signature="calculationsTest(java.lang.String, java.lang.String, java.lang.String, java.lang.String)[pri:0, instance:calculatortest.CalculationTests@2ac273d3]" name="calculationsTest" duration-ms="3610" started-at="2019-05-17T15:21:22Z" data-provider="data" finished-at="2019-05-17T15:21:26Z">
          <params>
            <param index="0">
              <value>
                <![CDATA[9]]>
              </value>
            </param>
            <param index="1">
              <value>
                <![CDATA[-]]>
              </value>
            </param>
            <param index="2">
              <value>
                <![CDATA[5]]>
              </value>
            </param>
            <param index="3">
              <value>
                <![CDATA[4]]>
              </value>
            </param>
          </params>
          <reporter-output>
          </reporter-output>
        </test-method> <!-- calculationsTest -->
        <test-method status="PASS" signature="afterMethod()[pri:0, instance:calculatortest.CalculationTests@2ac273d3]" name="afterMethod" is-config="true" duration-ms="0" started-at="2019-05-17T15:21:26Z" finished-at="2019-05-17T15:21:26Z">
          <reporter-output>
          </reporter-output>
        </test-method> <!-- afterMethod -->
        <test-method status="PASS" signature="beforeMethod()[pri:0, instance:calculatortest.CalculationTests@2ac273d3]" name="beforeMethod" is-config="true" duration-ms="1" started-at="2019-05-17T15:21:26Z" finished-at="2019-05-17T15:21:26Z">
          <reporter-output>
          </reporter-output>
        </test-method> <!-- beforeMethod -->
        <test-method status="PASS" signature="calculationsTest(java.lang.String, java.lang.String, java.lang.String, java.lang.String)[pri:0, instance:calculatortest.CalculationTests@2ac273d3]" name="calculationsTest" duration-ms="3597" started-at="2019-05-17T15:21:26Z" data-provider="data" finished-at="2019-05-17T15:21:29Z">
          <params>
            <param index="0">
              <value>
                <![CDATA[9]]>
              </value>
            </param>
            <param index="1">
              <value>
                <![CDATA[*]]>
              </value>
            </param>
            <param index="2">
              <value>
                <![CDATA[9]]>
              </value>
            </param>
            <param index="3">
              <value>
                <![CDATA[81]]>
              </value>
            </param>
          </params>
          <reporter-output>
          </reporter-output>
        </test-method> <!-- calculationsTest -->
        <test-method status="PASS" signature="beforeMethod()[pri:0, instance:calculatortest.CalculationTests@2ac273d3]" name="beforeMethod" is-config="true" duration-ms="0" started-at="2019-05-17T15:21:29Z" finished-at="2019-05-17T15:21:29Z">
          <reporter-output>
          </reporter-output>
        </test-method> <!-- beforeMethod -->
        <test-method status="PASS" signature="calculationsTest(java.lang.String, java.lang.String, java.lang.String, java.lang.String)[pri:0, instance:calculatortest.CalculationTests@2ac273d3]" name="calculationsTest" duration-ms="3770" started-at="2019-05-17T15:21:29Z" data-provider="data" finished-at="2019-05-17T15:21:33Z">
          <params>
            <param index="0">
              <value>
                <![CDATA[9]]>
              </value>
            </param>
            <param index="1">
              <value>
                <![CDATA[/]]>
              </value>
            </param>
            <param index="2">
              <value>
                <![CDATA[3]]>
              </value>
            </param>
            <param index="3">
              <value>
                <![CDATA[3]]>
              </value>
            </param>
          </params>
          <reporter-output>
          </reporter-output>
        </test-method> <!-- calculationsTest -->
        <test-method status="PASS" signature="afterMethod()[pri:0, instance:calculatortest.CalculationTests@2ac273d3]" name="afterMethod" is-config="true" duration-ms="0" started-at="2019-05-17T15:21:29Z" finished-at="2019-05-17T15:21:29Z">
          <reporter-output>
          </reporter-output>
        </test-method> <!-- afterMethod -->
        <test-method status="PASS" signature="afterMethod()[pri:0, instance:calculatortest.CalculationTests@2ac273d3]" name="afterMethod" is-config="true" duration-ms="0" started-at="2019-05-17T15:21:33Z" finished-at="2019-05-17T15:21:33Z">
          <reporter-output>
          </reporter-output>
        </test-method> <!-- afterMethod -->
        <test-method status="PASS" signature="tearDown()[pri:0, instance:calculatortest.CalculationTests@2ac273d3]" name="tearDown" is-config="true" duration-ms="0" started-at="2019-05-17T15:21:33Z" finished-at="2019-05-17T15:21:33Z">
          <reporter-output>
          </reporter-output>
        </test-method> <!-- tearDown -->
      </class> <!-- calculatortest.CalculationTests -->
    </test> <!-- Default test -->
  </suite> <!-- Default suite -->
</testng-results>
