<?xml version="1.0" encoding="UTF-8"?>
<!-- Generated by org.testng.reporters.JUnitXMLReporter -->
<testsuite hostname="DESKTOP-EIUQFPA" ignored="0" name="Default test" tests="5" failures="0" timestamp="17 maj 2019 15:21:33 GMT" time="28.687" errors="0">
  <testcase name="addTest" time="3.701" classname="calculatortest.CalculationTests"/>
  <testcase name="calculationsTest" time="3.371" classname="calculatortest.CalculationTests"/>
  <testcase name="calculationsTest" time="3.61" classname="calculatortest.CalculationTests"/>
  <testcase name="calculationsTest" time="3.597" classname="calculatortest.CalculationTests"/>
  <testcase name="calculationsTest" time="3.77" classname="calculatortest.CalculationTests"/>
</testsuite> <!-- Default test -->
